\BOOKMARK [0][-]{section*.1}{\376\377\000C\000o\000n\000t\000e\000n\000t\000s}{}% 1
\BOOKMARK [1][-]{section.0.1}{\376\377\000A\000\040\000\050\000s\000o\000m\000e\000\040\000w\000h\000a\000t\000\051\000\040\000b\000r\000i\000e\000f\000\040\000I\000n\000t\000r\000o\000d\000u\000c\000t\000i\000o\000n\000\040\000t\000o\000\040\000S\000e\000t\000\040\000T\000h\000e\000o\000r\000y}{section*.1}% 2
\BOOKMARK [1][-]{section.0.2}{\376\377\000A\000n\000\040\000\050\000I\000n\000f\000o\000r\000m\000a\000l\000\051\000\040\000i\000n\000t\000r\000o\000d\000u\000c\000t\000i\000o\000n\000\040\000t\000o\000\040\000F\000o\000r\000m\000a\000l\000\040\000L\000o\000g\000i\000c}{section*.1}% 3
\BOOKMARK [1][-]{section.0.3}{\376\377\000A\000\040\000\050\000v\000e\000r\000y\000\051\000\040\000B\000r\000i\000e\000f\000\040\000H\000i\000s\000t\000o\000r\000y\000\040\000o\000f\000\040\000P\000r\000o\000o\000f}{section*.1}% 4
\BOOKMARK [-1][-]{part.1}{\376\377\000T\000h\000e\000\040\000F\000a\000i\000r\000y\000\040\000T\000a\000l\000e\000s\000\040\000\040\000O\000r\000\040\000H\000o\000w\000\040\000I\000\040\000L\000e\000a\000r\000n\000e\000d\000\040\000t\000o\000\040\000S\000t\000o\000p\000\040\000\040\000W\000o\000r\000r\000y\000i\000n\000g\000\040\000a\000n\000d\000\040\000L\000o\000v\000e\000\040\000t\000h\000e\000\040\000O\000b\000j\000e\000c\000t}{}% 5
\BOOKMARK [0][-]{chapter.1}{\376\377\000L\000i\000t\000t\000l\000e\000\040\000R\000e\000d\000\040\000R\000i\000d\000i\000n\000g\000\040\000H\000o\000o\000d\000\040\000\040\000F\000i\000r\000s\000t\000\040\000S\000t\000e\000p\000s}{part.1}% 6
\BOOKMARK [1][-]{section.1.1}{\376\377\000\050\000P\000a\000r\000s\000e\000\051\000l\000\040\000T\000o\000n\000g\000u\000e}{chapter.1}% 7
\BOOKMARK [1][-]{section.1.2}{\376\377\000M\000a\000t\000h\000\040\000O\000p\000e\000r\000a\000t\000i\000o\000n\000s\000,\000\040\000P\000i\000-\000t\000h\000o\000n}{chapter.1}% 8
\BOOKMARK [1][-]{section.1.3}{\376\377\000N\000u\000m\000e\000r\000i\000c\000a\000l\000\040\000O\000p\000e\000r\000a\000t\000i\000o\000n\000s}{chapter.1}% 9
\BOOKMARK [1][-]{section.1.4}{\376\377\000S\000t\000r\000i\000n\000g\000\040\000O\000p\000e\000r\000a\000t\000i\000o\000n\000s}{chapter.1}% 10
\BOOKMARK [1][-]{section.1.5}{\376\377\000T\000h\000e\000\040\000S\000t\000r\000i\000n\000g\000\040\000C\000l\000a\000s\000s}{chapter.1}% 11
\BOOKMARK [1][-]{section.1.6}{\376\377\000T\000h\000e\000\040\000P\000h\000i\000l\000o\000s\000o\000p\000h\000e\000r\000'\000s\000\040\000S\000t\000o\000n\000e\000\040\000A\000n\000d\000\040\000t\000h\000e\000n\000\040\000t\000h\000e\000r\000e\000\040\000w\000e\000r\000e\000\040\000O\000b\000j\000e\000c\000t\000s}{chapter.1}% 12
\BOOKMARK [1][-]{section.1.7}{\376\377\000A\000\040\000W\000o\000l\000f\000\040\000i\000n\000\040\000S\000h\000e\000e\000p\000'\000s\000\040\000C\000l\000o\000t\000h\000i\000n\000g\000\040\000I\000n\000t\000r\000o\000d\000u\000c\000t\000i\000o\000n\000\040\000t\000o\000\040\000P\000o\000l\000y\000m\000o\000r\000p\000h\000i\000s\000m}{chapter.1}% 13
\BOOKMARK [0][-]{chapter.2}{\376\377\000H\000a\000n\000s\000e\000l\000\040\000a\000n\000d\000\040\000G\000r\000e\000t\000e\000l\000\040\000\040\000D\000e\000f\000e\000a\000t\000i\000n\000g\000\040\000t\000h\000e\000\040\000W\000i\000t\000c\000h}{part.1}% 14
\BOOKMARK [1][-]{section.2.1}{\376\377\000E\000n\000t\000e\000r\000\040\000t\000h\000e\000\040\000F\000u\000n\000c\000t\000i\000o\000n}{chapter.2}% 15
\BOOKMARK [1][-]{section.2.2}{\376\377\000S\000a\000n\000c\000t\000u\000m\000\040\000S\000e\000m\000p\000r\000a}{chapter.2}% 16
\BOOKMARK [0][-]{chapter.3}{\376\377\000R\000u\000p\000u\000n\000z\000e\000l\000\040\000\040\000G\000o\000r\000d\000i\000a\000n\000'\000s\000\040\000K\000n\000o\000t}{part.1}% 17
\BOOKMARK [1][-]{section.3.1}{\376\377\000\040\000C\000a\000l\000c\000u\000l\000u\000s}{chapter.3}% 18
\BOOKMARK [1][-]{section.3.2}{\376\377\000L\000a\000m\000b\000d\000a\000\040\000F\000u\000n\000c\000t\000i\000o\000n\000s\000\040\000i\000n\000\040\000P\000y\000t\000h\000o\000n}{chapter.3}% 19
\BOOKMARK [-1][-]{part.2}{\376\377\000I\000l\000l\000i\000a\000d\000'\000s\000\040\000T\000a\000l\000e\000s\000\040\000o\000f\000\040\000T\000r\000o\000y\000\040\000T\000h\000e\000\040\000M\000a\000n\000t\000i\000c\000o\000r\000e\000\040\000a\000n\000d\000\040\000o\000t\000h\000e\000r\000\040\000A\000b\000h\000o\000r\000s}{}% 20
\BOOKMARK [0][-]{chapter.4}{\376\377\000R\000e\000g\000a\000r\000d\000i\000n\000g\000\040\000D\000i\000s\000c\000r\000e\000t\000e\000\040\000M\000a\000t\000h\000e\000m\000a\000t\000i\000c\000s\000\040}{part.2}% 21
\BOOKMARK [1][-]{section.4.1}{\376\377\000C\000o\000u\000n\000t\000i\000n\000g}{chapter.4}% 22
\BOOKMARK [1][-]{section.4.2}{\376\377\000S\000e\000t\000s}{chapter.4}% 23
\BOOKMARK [1][-]{section.4.3}{\376\377\000S\000u\000m\000m\000a\000t\000i\000o\000n}{chapter.4}% 24
\BOOKMARK [1][-]{section.4.4}{\376\377\000M\000a\000t\000r\000i\000c\000e\000s}{chapter.4}% 25
\BOOKMARK [1][-]{section.4.5}{\376\377\000G\000r\000a\000p\000h\000s}{chapter.4}% 26
\BOOKMARK [0][-]{chapter.5}{\376\377\000P\000r\000o\000b\000l\000e\000m\000s\000\040\000i\000n\000\040\000C\000o\000m\000p\000u\000t\000e\000r\000\040\000S\000c\000i\000e\000n\000c\000e}{part.2}% 27
\BOOKMARK [1][-]{section.5.1}{\376\377\000N\000o\000t\000a\000b\000l\000e\000\040\000S\000o\000l\000v\000e\000d\000\040\000P\000r\000o\000b\000l\000e\000m\000s}{chapter.5}% 28
\BOOKMARK [0][-]{chapter.6}{\376\377\000I\000n\000t\000r\000a\000c\000t\000a\000b\000l\000e\000\040\000P\000r\000o\000b\000l\000e\000m\000s}{part.2}% 29
\BOOKMARK [-1][-]{part.3}{\376\377\000G\000F\000D\000L\000\040\000G\000N\000U\000\040\000F\000r\000e\000e\000\040\000D\000o\000c\000u\000m\000e\000n\000t\000a\000t\000i\000o\000n\000\040\000L\000i\000c\000e\000n\000s\000e}{}% 30
\BOOKMARK [0][-]{chapter.7}{\376\377\000C\000i\000t\000a\000t\000i\000o\000n\000s}{part.3}% 31
